<?xml version="1.0" encoding="UTF-8"?>
<!-- Generated by org.testng.reporters.JUnitReportReporter -->
<testsuite hostname="nithesh-PC" failures="0" tests="1" name="ObjectValueComparison" time="11.575" errors="0" timestamp="2022-06-06T11:11:07 IST" skipped="0">
  <testcase classname="ObjectValueComparison" name="objectFieldComparison" time="11.575"/>
  <system-out/>
</testsuite> <!-- ObjectValueComparison -->
