<?xml version="1.0" encoding="UTF-8"?>
<!-- Generated by org.testng.reporters.JUnitReportReporter -->
<testsuite hostname="nithesh-PC" failures="0" tests="1" name="assertionsTut.HashMapvalidation" time="22.245" errors="0" timestamp="2022-06-06T11:03:44 IST" skipped="0">
  <testcase classname="assertionsTut.HashMapvalidation" name="assert1" time="22.245"/>
  <system-out/>
</testsuite> <!-- assertionsTut.HashMapvalidation -->
